<?xml version="1.0" encoding="UTF-8"?>
<!-- Generated by org.testng.reporters.JUnitXMLReporter -->
<testsuite ignored="0" hostname="DESKTOP-MA03575" failures="0" tests="3" name="Default test" time="0.19" errors="0" timestamp="2023-05-30T15:36:31 IST">
  <testcase classname="BatchTesting.HomeScreenTest" name="LaunchApplication" time="0.027"/>
  <testcase classname="BatchTesting.HomeScreenTest" name="VerifyLogo" time="0.002"/>
  <testcase classname="BatchTesting.HomeScreenTest" name="VerifyTitle" time="0.003"/>
</testsuite> <!-- Default test -->
