<?xml version="1.0" encoding="UTF-8"?>
<!-- Generated by org.testng.reporters.JUnitXMLReporter -->
<testsuite ignored="0" hostname="DESKTOP-MA03575" failures="1" tests="1" name="failure test" time="0.119" errors="0" timestamp="2023-04-01T23:32:27 IST">
  <testcase classname="CustomListeners.TestFailure" name="doLogin" time="0.043">
    <failure type="java.lang.AssertionError" message="Fialing the login test">
      <![CDATA[java.lang.AssertionError: Fialing the login test
at CustomListeners.TestFailure.doLogin(TestFailure.java:11)
at java.base/java.util.ArrayList.forEach(ArrayList.java:1511)
... Removed 26 stack frames]]>
    </failure>
  </testcase> <!-- doLogin -->
</testsuite> <!-- failure test -->
