<?xml version="1.0" encoding="UTF-8"?>
<!-- Generated by org.testng.reporters.JUnitXMLReporter -->
<testsuite ignored="2" hostname="DESKTOP-MA03575" failures="0" tests="0" time="0.016" errors="0" timestamp="2023-04-02T16:17:15 IST">
  <testcase classname="CustomListeners.TestFailure" name="doLogin" time="0.0">
    <ignored/>
  </testcase> <!-- doLogin -->
  <testcase classname="CustomListeners.TestFailure" name="loginByFacebook" time="0.0">
    <ignored/>
  </testcase> <!-- loginByFacebook -->
</testsuite>
